<?xml version="1.0" encoding="UTF-8"?>
<!-- Generated by org.testng.reporters.JUnitReportReporter -->
<testsuite hostname="LAPTOP-T5HPURNE" failures="0" tests="2" name="test.LoginTest" time="22.846" errors="0" timestamp="2024-01-01T18:19:43 IST" skipped="0">
  <testcase classname="test.LoginTest" name="login" time="1.144"/>
  <system-out/>
  <testcase classname="test.LoginTest" name="iniBrowser" time="21.702"/>
  <system-out/>
</testsuite> <!-- test.LoginTest -->
